<?xml version="1.0" encoding="UTF-8"?>
<testsuite xmlns:xsi="http://www.w3.org/2001/XMLSchema-instance" xsi:noNamespaceSchemaLocation="https://maven.apache.org/surefire/maven-surefire-plugin/xsd/surefire-test-report.xsd" version="3.0.2" name="com.example.demo.MebelApplicationTests" time="3.913" tests="1" errors="0" skipped="0" failures="0">
  <properties>
[...]
</properties>
  <testcase name="contextLoads" classname="com.example.demo.MebelApplicationTests" time="0.492">
    <system-out><![CDATA[22:13:50.416 [main] INFO org.springframework.test.context.support.AnnotationConfigContextLoaderUtils -- Could not detect default configuration classes for test class [com.example.demo.MebelApplicationTests]: MebelApplicationTests does not declare any static, non-private, non-final, nested classes annotated with @Configuration.
22:13:50.506 [main] INFO org.springframework.boot.test.context.SpringBootTestContextBootstrapper -- Found @SpringBootConfiguration com.example.demo.MebelApplication for test class com.example.demo.MebelApplicationTests
22:13:50.654 [main] INFO org.springframework.boot.devtools.restart.RestartApplicationListener -- Restart disabled due to context in which it is running

  .   ____          _            __ _ _
 /\\ / ___'_ __ _ _(_)_ __  __ _ \ \ \ \
( ( )\___ | '_ | '_| | '_ \/ _` | \ \ \ \
 \\/  ___)| |_)| | | | | || (_| |  ) ) ) )
  '  |____| .__|_| |_|_| |_\__, | / / / /
 =========|_|==============|___/=/_/_/_/

 :: Spring Boot ::                (v3.4.2)

2025-02-02T22:13:50.889+05:00  INFO 12620 --- [mebel] [           main] com.example.demo.MebelApplicationTests   : Starting MebelApplicationTests using Java 21.0.5 with PID 12620 (started by user in C:\Users\user\Desktop\demo)
2025-02-02T22:13:50.890+05:00  INFO 12620 --- [mebel] [           main] com.example.demo.MebelApplicationTests   : No active profile set, falling back to 1 default profile: "default"
2025-02-02T22:13:51.407+05:00  INFO 12620 --- [mebel] [           main] .s.d.r.c.RepositoryConfigurationDelegate : Bootstrapping Spring Data JPA repositories in DEFAULT mode.
2025-02-02T22:13:51.424+05:00  INFO 12620 --- [mebel] [           main] .s.d.r.c.RepositoryConfigurationDelegate : Finished Spring Data repository scanning in 9 ms. Found 0 JPA repository interfaces.
2025-02-02T22:13:51.806+05:00  INFO 12620 --- [mebel] [           main] o.hibernate.jpa.internal.util.LogHelper  : HHH000204: Processing PersistenceUnitInfo [name: default]
2025-02-02T22:13:51.862+05:00  INFO 12620 --- [mebel] [           main] org.hibernate.Version                    : HHH000412: Hibernate ORM core version 6.6.5.Final
2025-02-02T22:13:51.897+05:00  INFO 12620 --- [mebel] [           main] o.h.c.internal.RegionFactoryInitiator    : HHH000026: Second-level cache disabled
2025-02-02T22:13:52.170+05:00  INFO 12620 --- [mebel] [           main] o.s.o.j.p.SpringPersistenceUnitInfo      : No LoadTimeWeaver setup: ignoring JPA class transformer
2025-02-02T22:13:52.197+05:00  INFO 12620 --- [mebel] [           main] com.zaxxer.hikari.HikariDataSource       : postgres - Starting...
2025-02-02T22:13:52.371+05:00  INFO 12620 --- [mebel] [           main] com.zaxxer.hikari.pool.HikariPool        : postgres - Added connection org.postgresql.jdbc.PgConnection@45e11627
2025-02-02T22:13:52.372+05:00  INFO 12620 --- [mebel] [           main] com.zaxxer.hikari.HikariDataSource       : postgres - Start completed.
2025-02-02T22:13:52.427+05:00  INFO 12620 --- [mebel] [           main] org.hibernate.orm.connections.pooling    : HHH10001005: Database info:
	Database JDBC URL [Connecting through datasource 'HikariDataSource (postgres)']
	Database driver: undefined/unknown
	Database version: 15.3
	Autocommit mode: undefined/unknown
	Isolation level: undefined/unknown
	Minimum pool size: undefined/unknown
	Maximum pool size: undefined/unknown
2025-02-02T22:13:52.712+05:00  INFO 12620 --- [mebel] [           main] o.h.e.t.j.p.i.JtaPlatformInitiator       : HHH000489: No JTA platform available (set 'hibernate.transaction.jta.platform' to enable JTA platform integration)
2025-02-02T22:13:52.716+05:00  INFO 12620 --- [mebel] [           main] j.LocalContainerEntityManagerFactoryBean : Initialized JPA EntityManagerFactory for persistence unit 'default'
2025-02-02T22:13:53.503+05:00  WARN 12620 --- [mebel] [           main] .s.s.UserDetailsServiceAutoConfiguration : 

Using generated security password: 9667df33-ff9c-4ad6-8d72-722be0e96b6f

This generated password is for development use only. Your security configuration must be updated before running your application in production.

2025-02-02T22:13:53.518+05:00  INFO 12620 --- [mebel] [           main] r$InitializeUserDetailsManagerConfigurer : Global AuthenticationManager configured with UserDetailsService bean with name inMemoryUserDetailsManager
2025-02-02T22:13:53.678+05:00  INFO 12620 --- [mebel] [           main] com.example.demo.MebelApplicationTests   : Started MebelApplicationTests in 3.035 seconds (process running for 3.859)
]]></system-out>
    <system-err><![CDATA[Mockito is currently self-attaching to enable the inline-mock-maker. This will no longer work in future releases of the JDK. Please add Mockito as an agent to your build what is described in Mockito's documentation: https://javadoc.io/doc/org.mockito/mockito-core/latest/org/mockito/Mockito.html#0.3
WARNING: A Java agent has been loaded dynamically (C:\Users\user\.m2\repository\net\bytebuddy\byte-buddy-agent\1.15.11\byte-buddy-agent-1.15.11.jar)
WARNING: If a serviceability tool is in use, please run with -XX:+EnableDynamicAgentLoading to hide this warning
WARNING: If a serviceability tool is not in use, please run with -Djdk.instrument.traceUsage for more information
WARNING: Dynamic loading of agents will be disallowed by default in a future release
]]></system-err>
  </testcase>
</testsuite>